<?xml version="1.0" encoding="UTF-8"?>
<!-- Generated by org.testng.reporters.JUnitReportReporter -->
<testsuite hostname="Sakura-Ayame-Kinomoto" failures="0" tests="1" name="View_Account_Information.View_Account_Information" time="58.169" errors="0" timestamp="2020-10-29T23:25:23 ICT" skipped="0">
  <testcase classname="View_Account_Information.View_Account_Information" name="HomePageFlickr" time="58.169"/>
  <system-out/>
</testsuite> <!-- View_Account_Information.View_Account_Information -->
