<?xml version="1.0" encoding="UTF-8"?>
<!-- Generated by org.testng.reporters.JUnitReportReporter -->
<testsuite hostname="DESKTOP-LSKTBBQ" failures="0" tests="1" name="View_Account_Information.View_Account_Information" time="68.410" errors="0" timestamp="2020-10-30T16:39:14 ICT" skipped="0">
  <testcase classname="View_Account_Information.View_Account_Information" name="HomePageFlickr" time="68.410"/>
  <system-out/>
</testsuite> <!-- View_Account_Information.View_Account_Information -->
