<?xml version="1.0" encoding="UTF-8"?>
<!-- Generated by org.testng.reporters.JUnitReportReporter -->
<testsuite hostname="SakuraAyameKinomoto-LT3476" failures="0" tests="1" name="View_Account_Information_Class" time="12.253" errors="0" timestamp="2020-12-01T15:40:18 ICT" skipped="0">
  <testcase classname="View_Account_Information_Class" name="ClickAvatarIcon" time="12.253"/>
  <system-out/>
</testsuite> <!-- View_Account_Information_Class -->
