<?xml version="1.0" encoding="UTF-8"?>
<!-- Generated by org.testng.reporters.JUnitReportReporter -->
<testsuite hostname="SakuraAyameKinomoto-LT3476" failures="0" tests="1" name="View_Account_Information_Class" time="5.695" errors="0" timestamp="2020-12-01T16:48:27 ICT" skipped="0">
  <testcase classname="View_Account_Information_Class" name="ClickOnSettings" time="5.695"/>
  <system-out/>
</testsuite> <!-- View_Account_Information_Class -->
