<?xml version="1.0" encoding="UTF-8"?>
<!-- Generated by org.testng.reporters.JUnitReportReporter -->
<testsuite hostname="DESKTOP-LSKTBBQ" failures="0" tests="1" name="Delete_Comment_Photo.Delete_Comment_Photo" time="81.390" errors="0" timestamp="2020-10-30T17:46:21 ICT" skipped="0">
  <testcase classname="Delete_Comment_Photo.Delete_Comment_Photo" name="LoginInToAccount" time="81.390"/>
  <system-out/>
</testsuite> <!-- Delete_Comment_Photo.Delete_Comment_Photo -->
