<?xml version="1.0" encoding="UTF-8"?>
<!-- Generated by org.testng.reporters.JUnitReportReporter -->
<testsuite hostname="Sakura-Ayame-Kinomoto" failures="0" tests="1" name="Change_Account_Password.Change_Account_Password" time="38.501" errors="0" timestamp="2020-10-30T02:57:44 ICT" skipped="0">
  <testcase classname="Change_Account_Password.Change_Account_Password" name="ViewAccountInformation" time="38.501"/>
  <system-out/>
</testsuite> <!-- Change_Account_Password.Change_Account_Password -->
