<?xml version="1.0" encoding="UTF-8"?>
<!-- Generated by org.testng.reporters.JUnitReportReporter -->
<testsuite hostname="DESKTOP-LSKTBBQ" failures="0" tests="1" name="Change_Account_Password.Change_Account_Password" time="40.717" errors="0" timestamp="2020-11-13T19:25:04 ICT" skipped="0">
  <testcase classname="Change_Account_Password.Change_Account_Password" name="ViewAccountInformation" time="40.717"/>
  <system-out/>
</testsuite> <!-- Change_Account_Password.Change_Account_Password -->
