<?xml version="1.0" encoding="UTF-8"?>
<!-- Generated by org.testng.reporters.JUnitReportReporter -->
<testsuite hostname="DESKTOP-LSKTBBQ" failures="0" tests="1" name="Change_Account_Password.Change_Account_Password" time="28.552" errors="0" timestamp="2020-10-30T08:56:04 ICT" skipped="0">
  <testcase classname="Change_Account_Password.Change_Account_Password" name="ViewAccountInformation" time="28.552"/>
  <system-out/>
</testsuite> <!-- Change_Account_Password.Change_Account_Password -->
