<?xml version="1.0" encoding="UTF-8"?>
<!-- Generated by org.testng.reporters.JUnitReportReporter -->
<testsuite hostname="DESKTOP-LSKTBBQ" failures="0" tests="1" name="Comment_Photo.Comment_Photo" time="79.765" errors="0" timestamp="2020-10-30T17:18:10 ICT" skipped="0">
  <testcase classname="Comment_Photo.Comment_Photo" name="LoginInToAccount" time="79.765"/>
  <system-out/>
</testsuite> <!-- Comment_Photo.Comment_Photo -->
