<?xml version="1.0" encoding="UTF-8"?>
<!-- Generated by org.testng.reporters.JUnitReportReporter -->
<testsuite hostname="SakuraAyameKinomoto-LT3476" failures="0" tests="6" name="Comment_Photo.Comment_Photo" time="32.563" errors="0" timestamp="2020-12-07T16:17:58 ICT" skipped="0">
  <testcase classname="Comment_Photo.Comment_Photo" name="LoginInToAccount" time="5.724"/>
  <system-out/>
  <testcase classname="Comment_Photo.Comment_Photo" name="ViewAlbumsPhoto" time="8.852"/>
  <system-out/>
  <testcase classname="Comment_Photo.Comment_Photo" name="WaitTheListAlbum" time="3.001"/>
  <system-out/>
  <testcase classname="Comment_Photo.Comment_Photo" name="ChooseAlbum" time="6.648"/>
  <system-out/>
  <testcase classname="Comment_Photo.Comment_Photo" name="ChoosePhoto" time="0.224"/>
  <system-out/>
  <testcase classname="Comment_Photo.Comment_Photo" name="CommentPhoto" time="8.114"/>
  <system-out/>
</testsuite> <!-- Comment_Photo.Comment_Photo -->
