<?xml version="1.0" encoding="UTF-8"?>
<!-- Generated by org.testng.reporters.JUnitReportReporter -->
<testsuite hostname="SakuraAyameKinomoto-LT3476" failures="0" tests="4" name="Like_Photo.Like_Photo" time="33.573" errors="0" timestamp="2020-12-08T11:35:56 ICT" skipped="0">
  <testcase classname="Like_Photo.Like_Photo" name="LoginInToAccount" time="11.037"/>
  <system-out/>
  <testcase classname="Like_Photo.Like_Photo" name="ViewRecentPhotos" time="17.115"/>
  <system-out/>
  <testcase classname="Like_Photo.Like_Photo" name="ChoosePhoto" time="5.248"/>
  <system-out/>
  <testcase classname="Like_Photo.Like_Photo" name="LikePhoto" time="0.173"/>
  <system-out/>
</testsuite> <!-- Like_Photo.Like_Photo -->
