<?xml version="1.0" encoding="UTF-8"?>
<!-- Generated by org.testng.reporters.JUnitReportReporter -->
<testsuite hostname="DESKTOP-LSKTBBQ" failures="0" tests="1" name="Experiment_Package.Other_Class" time="0.018" errors="0" timestamp="2020-11-18T17:33:45 ICT" skipped="0">
  <testcase classname="Experiment_Package.Other_Class" name="OtherClass" time="0.018"/>
  <system-out/>
</testsuite> <!-- Experiment_Package.Other_Class -->
