<?xml version="1.0" encoding="UTF-8"?>
<!-- Generated by org.testng.reporters.JUnitReportReporter -->
<testsuite hostname="SakuraAyameKinomoto-LT3476" failures="0" tests="7" name="Change_Account_Password.Change_Account_Password_Execution" time="43.154" errors="0" timestamp="2020-12-08T18:28:05 ICT" skipped="0">
  <testcase classname="Change_Account_Password.Change_Account_Password_Execution" name="LoginIntoAccount" time="8.480"/>
  <system-out/>
  <testcase classname="Change_Account_Password.Change_Account_Password_Execution" name="CheckPoint" time="5.897"/>
  <system-out/>
  <testcase classname="Change_Account_Password.Change_Account_Password_Execution" name="ClickAvtarIcon" time="0.229"/>
  <system-out/>
  <testcase classname="Change_Account_Password.Change_Account_Password_Execution" name="Settings" time="0.407"/>
  <system-out/>
  <testcase classname="Change_Account_Password.Change_Account_Password_Execution" name="ChangeAccountPassword" time="11.049"/>
  <system-out/>
  <testcase classname="Change_Account_Password.Change_Account_Password_Execution" name="InputNewPassword" time="1.855"/>
  <system-out/>
  <testcase classname="Change_Account_Password.Change_Account_Password_Execution" name="ChangeYourFlickrPassword" time="15.237"/>
  <system-out/>
</testsuite> <!-- Change_Account_Password.Change_Account_Password_Execution -->
