<?xml version="1.0" encoding="UTF-8"?>
<!-- Generated by org.testng.reporters.JUnitReportReporter -->
<testsuite hostname="SakuraAyameKinomoto-LT3476" failures="0" tests="3" name="SearchExistAccount.Execute" time="43.953" errors="0" timestamp="2020-12-08T15:13:02 ICT" skipped="0">
  <testcase classname="SearchExistAccount.Execute" name="LoginInToAccount" time="7.487"/>
  <system-out/>
  <testcase classname="SearchExistAccount.Execute" name="ViewRecentPhotos" time="27.286"/>
  <system-out/>
  <testcase classname="SearchExistAccount.Execute" name="ChoosePhoto" time="9.180"/>
  <system-out/>
</testsuite> <!-- SearchExistAccount.Execute -->
