<?xml version="1.0" encoding="UTF-8"?>
<!-- Generated by org.testng.reporters.JUnitReportReporter -->
<testsuite hostname="SakuraAyameKinomoto-LT3476" failures="0" tests="3" name="Like_Photo.Execute" time="52.873" errors="0" timestamp="2020-12-08T17:41:03 ICT" skipped="0">
  <testcase classname="Like_Photo.Execute" name="LoginInToAccount" time="15.452"/>
  <system-out/>
  <testcase classname="Like_Photo.Execute" name="ViewRecentPhotos" time="28.228"/>
  <system-out/>
  <testcase classname="Like_Photo.Execute" name="ChoosePhoto" time="9.193"/>
  <system-out/>
</testsuite> <!-- Like_Photo.Execute -->
