<?xml version="1.0" encoding="UTF-8"?>
<!-- Generated by org.testng.reporters.JUnitReportReporter -->
<testsuite hostname="DESKTOP-LSKTBBQ" failures="0" tests="1" name="Delete_Comment_Photo.Delete_Comment_Photo" time="35.375" errors="0" timestamp="2020-11-13T20:21:41 ICT" skipped="0">
  <testcase classname="Delete_Comment_Photo.Delete_Comment_Photo" name="LoginInToAccount" time="35.375"/>
  <system-out/>
</testsuite> <!-- Delete_Comment_Photo.Delete_Comment_Photo -->
