<?xml version="1.0" encoding="UTF-8"?>
<!-- Generated by org.testng.reporters.JUnitReportReporter -->
<testsuite hostname="Sakura-Ayame-Kinomoto" failures="0" tests="1" name="Update_Account_Information.Update_Account_Information" time="55.711" errors="0" timestamp="2020-10-30T02:31:09 ICT" skipped="0">
  <testcase classname="Update_Account_Information.Update_Account_Information" name="ViewAccountInformation" time="55.711"/>
  <system-out/>
</testsuite> <!-- Update_Account_Information.Update_Account_Information -->
