<?xml version="1.0" encoding="UTF-8"?>
<!-- Generated by org.testng.reporters.JUnitReportReporter -->
<testsuite hostname="DESKTOP-LSKTBBQ" failures="0" tests="1" name="Update_Account_Information.Update_Account_Information" time="105.310" errors="0" timestamp="2020-10-30T16:42:31 ICT" skipped="0">
  <testcase classname="Update_Account_Information.Update_Account_Information" name="ViewAccountInformation" time="105.310"/>
  <system-out/>
</testsuite> <!-- Update_Account_Information.Update_Account_Information -->
