<?xml version="1.0" encoding="UTF-8"?>
<!-- Generated by org.testng.reporters.JUnitReportReporter -->
<testsuite hostname="SakuraAyameKinomoto-LT3476" failures="0" tests="1" name="Test_1" time="0.005" errors="0" timestamp="2020-12-01T01:38:41 ICT" skipped="0">
  <testcase classname="Test_1" name="test1" time="0.005"/>
  <system-out/>
</testsuite> <!-- Test_1 -->
