<?xml version="1.0" encoding="UTF-8"?>
<!-- Generated by org.testng.reporters.JUnitReportReporter -->
<testsuite hostname="SakuraAyameKinomoto-LT3476" failures="0" tests="1" name="Test_3" time="0.006" errors="0" timestamp="2020-11-27T18:23:32 ICT" skipped="0">
  <testcase classname="Test_3" name="test" time="0.006"/>
  <system-out/>
</testsuite> <!-- Test_3 -->
