<?xml version="1.0" encoding="UTF-8"?>
<!-- Generated by org.testng.reporters.JUnitReportReporter -->
<testsuite hostname="SakuraAyameKinomoto-LT3476" failures="0" tests="1" name="Test_3" time="0.002" errors="0" timestamp="2020-11-30T22:47:23 ICT" skipped="0">
  <testcase classname="Test_3" name="test3" time="0.002"/>
  <system-out/>
</testsuite> <!-- Test_3 -->
